[16:46:44] [main/INFO]: Loading Minecraft 1.20.1 with Fabric Loader 0.15.6
[16:46:44] [ForkJoinPool-1-worker-3/WARN]: Mod unloadedactivity uses the version v0.5.0 which isn't compatible with Loader's extended semantic version format (Could not parse version number component 'v0'!), SemVer is recommended for reliably evaluating dependencies and prioritizing newer version
[16:46:44] [main/INFO]: Loading 126 mods:
	- architectury 9.1.12
	- balm-fabric 7.1.4
	- beansbackpacks 0.7-v2
	   |-- cardinal-components-base 5.2.2
	   \-- cardinal-components-entity 5.2.2
	- betterdeserttemples 1.20-Fabric-3.0.3
	   \-- org_reflections_reflections 0.10.2
	- betterjungletemples 1.20-Fabric-2.0.4
	- bettermineshafts 1.20-Fabric-4.0.4
	- betteroceanmonuments 1.20-Fabric-3.0.4
	- betterstrongholds 1.20-Fabric-4.0.3
	- betterwitchhuts 1.20-Fabric-3.0.3
	- cloth-config 11.1.106
	   \-- cloth-basic-math 0.6.1
	- collective 7.8
	- connectiblechains 2.2.1+1.20.1
	- create 0.5.1-d-build.1161+mc1.20.1
	   |-- com_electronwill_night-config_core 3.6.3
	   |-- com_electronwill_night-config_toml 3.6.3
	   |-- com_google_code_findbugs_jsr305 3.0.2
	   |-- flywheel 0.6.9-1
	   |-- forgeconfigapiport 8.0.0
	   |-- milk 1.2.60
	   |    \-- dripstone_fluid_lib 3.0.2
	   |-- porting_lib_accessors 2.1.1127+1.20
	   |    |-- porting_lib_core 2.1.1127+1.20
	   |    \-- porting_lib_gametest 2.1.1127+1.20
	   |-- porting_lib_base 2.1.1127+1.20
	   |    |-- porting_lib_attributes 2.1.1127+1.20
	   |    |-- porting_lib_common 2.1.1127+1.20
	   |    |-- porting_lib_core 2.1.1127+1.20
	   |    |-- porting_lib_gametest 2.1.1127+1.20
	   |    |-- porting_lib_lazy_registration 2.1.1127+1.20
	   |    \-- porting_lib_utility 2.1.1127+1.20
	   |-- porting_lib_brewing 2.1.1127+1.20
	   |    |-- porting_lib_core 2.1.1127+1.20
	   |    \-- porting_lib_gametest 2.1.1127+1.20
	   |-- porting_lib_client_events 2.1.1127+1.20
	   |    |-- mm 2.3
	   |    |-- porting_lib_core 2.1.1127+1.20
	   |    \-- porting_lib_gametest 2.1.1127+1.20
	   |-- porting_lib_entity 2.1.1127+1.20
	   |    |-- porting_lib_core 2.1.1127+1.20
	   |    |-- porting_lib_gametest 2.1.1127+1.20
	   |    \-- porting_lib_mixin_extensions 2.1.1127+1.20
	   |-- porting_lib_extensions 2.1.1127+1.20
	   |    |-- porting_lib_attributes 2.1.1127+1.20
	   |    |-- porting_lib_common 2.1.1127+1.20
	   |    |-- porting_lib_core 2.1.1127+1.20
	   |    \-- porting_lib_gametest 2.1.1127+1.20
	   |-- porting_lib_fake_players 2.1.1127+1.20
	   |    |-- porting_lib_core 2.1.1127+1.20
	   |    \-- porting_lib_gametest 2.1.1127+1.20
	   |-- porting_lib_models 2.1.1127+1.20
	   |    |-- porting_lib_core 2.1.1127+1.20
	   |    |-- porting_lib_gametest 2.1.1127+1.20
	   |    \-- porting_lib_model_loader 2.1.1127+1.20
	   |-- porting_lib_networking 2.1.1127+1.20
	   |    |-- porting_lib_core 2.1.1127+1.20
	   |    \-- porting_lib_gametest 2.1.1127+1.20
	   |-- porting_lib_obj_loader 2.1.1127+1.20
	   |    |-- porting_lib_attributes 2.1.1127+1.20
	   |    |-- porting_lib_common 2.1.1127+1.20
	   |    |-- porting_lib_core 2.1.1127+1.20
	   |    |-- porting_lib_gametest 2.1.1127+1.20
	   |    \-- porting_lib_model_loader 2.1.1127+1.20
	   |-- porting_lib_tags 3.0
	   |    |-- porting_lib_core 2.1.1127+1.20
	   |    \-- porting_lib_gametest 2.1.1127+1.20
	   |-- porting_lib_tool_actions 2.1.1127+1.20
	   |    |-- porting_lib_core 2.1.1127+1.20
	   |    \-- porting_lib_gametest 2.1.1127+1.20
	   |-- porting_lib_transfer 2.1.1127+1.20
	   |    |-- porting_lib_core 2.1.1127+1.20
	   |    \-- porting_lib_gametest 2.1.1127+1.20
	   |-- reach-entity-attributes 2.4.0
	   \-- registrate-fabric 1.3.62-MC1.20.1
	        |-- porting_lib_data 2.1.1090+1.20
	        \-- porting_lib_model_generators 2.1.1090+1.20
	             \-- porting_lib_model_materials 2.1.1090+1.20
	- cristellib 1.1.5
	   \-- blue_endless_jankson 1.2.3
	- fabric-api 0.88.1+1.20.1
	   |-- fabric-api-base 0.4.30+7abfd51577
	   |-- fabric-api-lookup-api-v1 1.6.35+4d8536c977
	   |-- fabric-biome-api-v1 13.0.10+b3afc78b77
	   |-- fabric-block-api-v1 1.0.10+92a0d36777
	   |-- fabric-block-view-api-v2 1.0.0+92a0d36777
	   |-- fabric-blockrenderlayer-v1 1.1.40+b3afc78b77
	   |-- fabric-client-tags-api-v1 1.1.1+97bb207577
	   |-- fabric-command-api-v1 1.2.33+f71b366f77
	   |-- fabric-command-api-v2 2.2.12+b3afc78b77
	   |-- fabric-commands-v0 0.2.50+df3654b377
	   |-- fabric-containers-v0 0.1.63+df3654b377
	   |-- fabric-content-registries-v0 4.0.9+b3afc78b77
	   |-- fabric-convention-tags-v1 1.5.4+a1a980da77
	   |-- fabric-crash-report-info-v1 0.2.18+aeb40ebe77
	   |-- fabric-data-generation-api-v1 12.2.2+1e61dba177
	   |-- fabric-dimensions-v1 2.1.53+8536527b77
	   |-- fabric-entity-events-v1 1.5.22+b3afc78b77
	   |-- fabric-events-interaction-v0 0.6.1+e91849a877
	   |-- fabric-events-lifecycle-v0 0.2.62+df3654b377
	   |-- fabric-game-rule-api-v1 1.0.38+b04edc7a77
	   |-- fabric-item-api-v1 2.1.27+b3afc78b77
	   |-- fabric-item-group-api-v1 4.0.10+23d9108177
	   |-- fabric-key-binding-api-v1 1.0.36+fb8d95da77
	   |-- fabric-keybindings-v0 0.2.34+df3654b377
	   |-- fabric-lifecycle-events-v1 2.2.21+b3afc78b77
	   |-- fabric-loot-api-v2 1.1.39+b3afc78b77
	   |-- fabric-loot-tables-v1 1.1.43+9e7660c677
	   |-- fabric-message-api-v1 5.1.7+3265161977
	   |-- fabric-mining-level-api-v1 2.1.49+b3afc78b77
	   |-- fabric-model-loading-api-v1 1.0.2+709a987177
	   |-- fabric-models-v0 0.4.1+9386d8a777
	   |-- fabric-networking-api-v1 1.3.10+eeb8eb3677
	   |-- fabric-networking-v0 0.3.50+df3654b377
	   |-- fabric-object-builder-api-v1 11.1.1+6beca84877
	   |-- fabric-particles-v1 1.1.1+201a23a077
	   |-- fabric-recipe-api-v1 1.0.20+b3afc78b77
	   |-- fabric-registry-sync-v0 2.3.2+4df89eb277
	   |-- fabric-renderer-api-v1 3.1.3+92a0d36777
	   |-- fabric-renderer-indigo 1.4.3+6bdb2ed077
	   |-- fabric-renderer-registries-v1 3.2.45+df3654b377
	   |-- fabric-rendering-data-attachment-v1 0.3.36+92a0d36777
	   |-- fabric-rendering-fluids-v1 3.0.27+b3afc78b77
	   |-- fabric-rendering-v0 1.1.48+df3654b377
	   |-- fabric-rendering-v1 3.0.7+b3afc78b77
	   |-- fabric-resource-conditions-api-v1 2.3.5+ea08f9d877
	   |-- fabric-resource-loader-v0 0.11.9+132c48c177
	   |-- fabric-screen-api-v1 2.0.7+b3afc78b77
	   |-- fabric-screen-handler-api-v1 1.3.29+b3afc78b77
	   |-- fabric-sound-api-v1 1.0.12+b3afc78b77
	   |-- fabric-transfer-api-v1 3.3.1+195226a777
	   \-- fabric-transitive-access-wideners-v1 4.3.0+6c31357e77
	- fabric-language-kotlin 1.10.15+kotlin.1.9.21
	   |-- org_jetbrains_kotlin_kotlin-reflect 1.9.21
	   |-- org_jetbrains_kotlin_kotlin-stdlib 1.9.21
	   |-- org_jetbrains_kotlin_kotlin-stdlib-jdk7 1.9.21
	   |-- org_jetbrains_kotlin_kotlin-stdlib-jdk8 1.9.21
	   |-- org_jetbrains_kotlinx_atomicfu-jvm 0.23.0
	   |-- org_jetbrains_kotlinx_kotlinx-coroutines-core-jvm 1.7.3
	   |-- org_jetbrains_kotlinx_kotlinx-coroutines-jdk8 1.7.3
	   |-- org_jetbrains_kotlinx_kotlinx-datetime-jvm 0.4.1
	   |-- org_jetbrains_kotlinx_kotlinx-serialization-cbor-jvm 1.6.1
	   |-- org_jetbrains_kotlinx_kotlinx-serialization-core-jvm 1.6.1
	   \-- org_jetbrains_kotlinx_kotlinx-serialization-json-jvm 1.6.1
	- fabricloader 0.15.6
	   \-- mixinextras 0.3.2
	- farmersdelight 1.20.1-1.4.2
	- followersteleporttoo 2.3
	- fwaystones 3.3.1+mc1.20.1
	- java 17
	- lithium 0.11.2
	- minecraft 1.20.1
	- owo 0.11.2+1.20
	- seasons 2.3+1.20
	- statement 4.2.6+1.14.4-1.20.1
	   |-- kanos_config 0.4.1+1.14.4-1.19.4
	   \-- statement_vanilla_compatibility 1.0.1+1.16.5-1.17
	- tectonic 2.1.1
	- timecontrol 1.4.1
	- treeharvester 8.3
	- unloadedactivity v0.5.0
	   |-- cardinal-components-base 5.2.2
	   |-- cardinal-components-block 5.2.2
	   |-- cardinal-components-chunk 5.2.2
	   |-- cardinal-components-entity 5.2.2
	   \-- cardinal-components-world 5.2.2
	- walllanterns 1.6.1+1.20.1
	- yungsapi 1.20-Fabric-4.0.2
	   \-- org_javassist_javassist 3.29.2-GA
[16:46:45] [main/INFO]: SpongePowered MIXIN Subsystem Version=0.8.5 Source=file:/home/mbreunig/create_server/libraries/net/fabricmc/sponge-mixin/0.12.5+mixin.0.8.5/sponge-mixin-0.12.5+mixin.0.8.5.jar Service=Knot/Fabric Env=SERVER
[16:46:45] [main/INFO]: Compatibility level set to JAVA_16
[16:46:45] [main/INFO]: Compatibility level set to JAVA_17
[16:46:45] [main/INFO]: Loaded configuration file for Lithium: 115 options available, 1 override(s) found
[16:46:45] [main/WARN]: Error loading class: io/vram/frex/base/renderer/context/render/EntityBlockRenderContext (java.lang.ClassNotFoundException: io/vram/frex/base/renderer/context/render/EntityBlockRenderContext)
[16:46:45] [main/WARN]: @Mixin target io.vram.frex.base.renderer.context.render.EntityBlockRenderContext was not found porting_lib_base.mixins.json:client.frex.EntityBlockRenderContextMixin from mod porting_lib_base
[16:46:46] [main/WARN]: Force-disabling mixin 'world.block_entity_ticking.sleeping.furnace.AbstractFurnaceBlockEntityMixin' as rule 'mixin.world.block_entity_ticking.sleeping.furnace' (added by mods [unloadedactivity]) disables it and children
[16:46:46] [main/WARN]: Error loading class: fr/catcore/server/translations/api/resource/language/SystemDelegatedLanguage (java.lang.ClassNotFoundException: fr/catcore/server/translations/api/resource/language/SystemDelegatedLanguage)
[16:46:46] [main/WARN]: Error loading class: net/minecraft/class_5616 (java.lang.ClassNotFoundException: net/minecraft/class_5616)
[16:46:46] [main/WARN]: @Mixin target net.minecraft.class_5616 was not found registrate-fabric.mixins.json:accessor.BlockEntityRenderersAccessor from mod registrate-fabric
[16:46:47] [main/INFO]: Initializing MixinExtras via com.llamalad7.mixinextras.service.MixinExtrasServiceImpl(version=0.3.2).
[16:46:50] [main/WARN]: @Final field field_31100:I in unloadedactivity.mixins.json:chunk.randomTicks.PlantStemMixin from mod unloadedactivity should be final
[16:46:51] [main/WARN]: @Final field field_11986:Lit/unimi/dsi/fastutil/objects/Object2IntOpenHashMap; in unloadedactivity.mixins.json:block_entities.AbstractFurnaceBlockEntityMixin from mod unloadedactivity should be final
[16:46:57] [main/INFO]: Registering Sounds for beansbackpacks
[16:46:57] [main/INFO]: Initializing Beans' Backpacks Fabric
[16:46:57] [main/INFO]: Initializing Beans' Backpacks Common
[16:46:57] [main/INFO]: Reflections took 62 ms to scan 1 urls, producing 1 keys and 2 values
[16:46:57] [main/INFO]: Reflections took 5 ms to scan 1 urls, producing 1 keys and 2 values
[16:46:57] [main/INFO]: Reflections took 3 ms to scan 1 urls, producing 1 keys and 3 values
[16:46:57] [main/INFO]: Reflections took 3 ms to scan 1 urls, producing 1 keys and 3 values
[16:46:57] [main/INFO]: Reflections took 2 ms to scan 1 urls, producing 1 keys and 2 values
[16:46:57] [main/INFO]: Reflections took 2 ms to scan 1 urls, producing 1 keys and 2 values
[16:46:57] [main/INFO]: Reflections took 1 ms to scan 1 urls, producing 1 keys and 1 values
[16:46:57] [main/INFO]: Reflections took 1 ms to scan 1 urls, producing 1 keys and 1 values
[16:46:57] [main/INFO]: Reflections took 1 ms to scan 1 urls, producing 1 keys and 2 values
[16:46:57] [main/INFO]: Reflections took 1 ms to scan 1 urls, producing 1 keys and 2 values
[16:46:57] [main/INFO]: Reflections took 1 ms to scan 1 urls, producing 1 keys and 1 values
[16:46:57] [main/INFO]: Reflections took 1 ms to scan 1 urls, producing 1 keys and 1 values
[16:46:58] [main/INFO]: Loading Collective version 7.8.
[16:46:58] [main/INFO]: Initialized entity types.
[16:47:01] [main/WARN]: Encountered duplicate API provider registration for item: minecraft:bucket
[16:47:01] [main/WARN]: Encountered duplicate API provider registration for item: minecraft:glass_bottle
[16:47:01] [main/WARN]: Encountered duplicate API provider registration for item: minecraft:bucket
[16:47:01] [main/WARN]: Encountered duplicate API provider registration for item: minecraft:glass_bottle
[16:47:02] [main/WARN]: Encountered duplicate API provider registration for item: minecraft:bucket
[16:47:02] [main/INFO]: Is initializing.
[16:47:02] [main/INFO]: Has successfully been initialized.
[16:47:02] [main/INFO]: Definitely not up to no good
[16:47:02] [main/INFO]: chyz: now i just need to painstakingly move jerry (the little tiny lil fella tiny guy man button) to correct spot when recipe book is opened
[16:47:02] [main/INFO]: [Fabric Seasons] Trying to read config file...
[16:47:02] [main/INFO]: [Fabric Seasons] A config file was found, loading it..
[16:47:02] [main/INFO]: [Fabric Seasons] Successfully loaded config file.
[16:47:02] [JsonConfig-Worker-1/INFO]: Reading timecontrol.json
[16:47:02] [JsonConfig-Worker-1/INFO]: Finished reading timecontrol.json
[16:47:02] [JsonConfig-Worker-2/INFO]: Watching timecontrol.json for filesystem changes
[16:47:02] [main/INFO]: Registered custom gamerule
[16:47:02] [main/INFO]: Loading config.
[16:47:02] [main/INFO]: Hello Fabric world!
[16:47:02] [main/INFO]: Config file is out of date, updating.
[16:47:02] [main/INFO]: Reflections took 4 ms to scan 1 urls, producing 1 keys and 4 values
[16:47:02] [main/INFO]: Reflections took 3 ms to scan 1 urls, producing 1 keys and 4 values
[16:47:03] [main/INFO]: Environment: authHost='https://authserver.mojang.com', accountsHost='https://api.mojang.com', sessionHost='https://sessionserver.mojang.com', servicesHost='https://api.minecraftservices.com', name='PROD'
[16:47:04] [main/INFO]: [fabric-registry-sync] Loaded registry data [file 1/4]
[16:47:05] [main/INFO]: Loaded 24 recipes
[16:47:06] [main/INFO]: Loaded 2475 advancements
[16:47:06] [main/INFO]: [Fabric Seasons] Successfully loaded 15 custom crop configs.
[16:47:07] [main/INFO]: Applied 203 biome modifications to 64 of 64 new biomes in 22.41 ms
[16:47:07] [Server thread/INFO]: Registering compost heaps in village type of plains
[16:47:07] [Server thread/INFO]: Registering compost heaps in village type of savanna
[16:47:07] [Server thread/INFO]: Registering compost heaps in village type of snowy
[16:47:07] [Server thread/INFO]: Registering compost heaps in village type of taiga
[16:47:07] [Server thread/INFO]: Registering compost heaps in village type of desert
[16:47:07] [Server thread/INFO]: Adding waystone fwaystones:village_waystone to village kaisyn:village/flower_forest_japanese/houses
[16:47:07] [Server thread/ERROR]: Cannot add to kaisyn:village/flower_forest_japanese/houses as it cannot be found!
[16:47:07] [Server thread/INFO]: Adding waystone fwaystones:desert_village_waystone to village ctov:village/desert_oasis/house
[16:47:07] [Server thread/ERROR]: Cannot add to ctov:village/desert_oasis/house as it cannot be found!
[16:47:07] [Server thread/INFO]: Adding waystone fwaystones:village_waystone to village ctov:village/mountain_alpine/house
[16:47:07] [Server thread/ERROR]: Cannot add to ctov:village/mountain_alpine/house as it cannot be found!
[16:47:07] [Server thread/INFO]: Adding waystone fwaystones:village_waystone to village kaisyn:village/beach_lighthouse/side
[16:47:07] [Server thread/ERROR]: Cannot add to kaisyn:village/beach_lighthouse/side as it cannot be found!
[16:47:07] [Server thread/INFO]: Adding waystone fwaystones:village_waystone to village ctov:village/savanna_na/house
[16:47:07] [Server thread/ERROR]: Cannot add to ctov:village/savanna_na/house as it cannot be found!
[16:47:07] [Server thread/INFO]: Adding waystone fwaystones:village_waystone to village ctov:village/swamp/house
[16:47:07] [Server thread/ERROR]: Cannot add to ctov:village/swamp/house as it cannot be found!
[16:47:07] [Server thread/INFO]: Adding waystone fwaystones:village_waystone to village minecraft:village/savanna/houses
[16:47:07] [Server thread/INFO]: Adding waystone fwaystones:village_waystone to village ctov:village/snowy_igloo/house
[16:47:07] [Server thread/ERROR]: Cannot add to ctov:village/snowy_igloo/house as it cannot be found!
[16:47:07] [Server thread/INFO]: Adding waystone fwaystones:village_waystone to village kaisyn:village/exclusives/nilotic/houses
[16:47:07] [Server thread/ERROR]: Cannot add to kaisyn:village/exclusives/nilotic/houses as it cannot be found!
[16:47:07] [Server thread/INFO]: Adding waystone fwaystones:village_waystone to village kaisyn:village/badlands_pueblo/houses
[16:47:07] [Server thread/ERROR]: Cannot add to kaisyn:village/badlands_pueblo/houses as it cannot be found!
[16:47:07] [Server thread/INFO]: Adding waystone fwaystones:village_waystone to village kaisyn:village/exclusives/tudor/houses
[16:47:07] [Server thread/ERROR]: Cannot add to kaisyn:village/exclusives/tudor/houses as it cannot be found!
[16:47:07] [Server thread/INFO]: Adding waystone fwaystones:village_waystone to village ctov:village/mushroom/house
[16:47:07] [Server thread/ERROR]: Cannot add to ctov:village/mushroom/house as it cannot be found!
[16:47:07] [Server thread/INFO]: Adding waystone fwaystones:village_waystone to village kaisyn:village/exclusives/mediterranean/houses/regular
[16:47:07] [Server thread/ERROR]: Cannot add to kaisyn:village/exclusives/mediterranean/houses/regular as it cannot be found!
[16:47:07] [Server thread/INFO]: Adding waystone fwaystones:village_waystone to village minecraft:village/taiga/houses
[16:47:07] [Server thread/INFO]: Adding waystone fwaystones:village_waystone to village kaisyn:village/birch_forest_romanian/houses
[16:47:07] [Server thread/ERROR]: Cannot add to kaisyn:village/birch_forest_romanian/houses as it cannot be found!
[16:47:07] [Server thread/INFO]: Adding waystone fwaystones:red_desert_village_waystone to village ctov:village/mesa_fortified/house
[16:47:07] [Server thread/ERROR]: Cannot add to ctov:village/mesa_fortified/house as it cannot be found!
[16:47:07] [Server thread/INFO]: Adding waystone fwaystones:village_waystone to village kaisyn:village/exclusives/classic/houses
[16:47:07] [Server thread/ERROR]: Cannot add to kaisyn:village/exclusives/classic/houses as it cannot be found!
[16:47:07] [Server thread/INFO]: Adding waystone fwaystones:village_waystone to village kaisyn:village/exclusives/wandering_trader_camp/side
[16:47:07] [Server thread/ERROR]: Cannot add to kaisyn:village/exclusives/wandering_trader_camp/side as it cannot be found!
[16:47:07] [Server thread/INFO]: Adding waystone fwaystones:desert_village_waystone to village ctov:village/desert/house
[16:47:07] [Server thread/ERROR]: Cannot add to ctov:village/desert/house as it cannot be found!
[16:47:07] [Server thread/INFO]: Adding waystone fwaystones:village_waystone to village kaisyn:village/exclusives/rustic/houses
[16:47:07] [Server thread/ERROR]: Cannot add to kaisyn:village/exclusives/rustic/houses as it cannot be found!
[16:47:07] [Server thread/INFO]: Adding waystone fwaystones:desert_village_waystone to village minecraft:village/desert/houses
[16:47:07] [Server thread/INFO]: Adding waystone fwaystones:village_waystone to village ctov:village/savanna/house
[16:47:07] [Server thread/ERROR]: Cannot add to ctov:village/savanna/house as it cannot be found!
[16:47:07] [Server thread/INFO]: Adding waystone fwaystones:desert_village_waystone to village ctov:village/beach/house
[16:47:07] [Server thread/ERROR]: Cannot add to ctov:village/beach/house as it cannot be found!
[16:47:07] [Server thread/INFO]: Adding waystone fwaystones:village_waystone to village minecraft:village/plains/houses
[16:47:07] [Server thread/INFO]: Adding waystone fwaystones:village_waystone to village ctov:village/taiga/house
[16:47:07] [Server thread/ERROR]: Cannot add to ctov:village/taiga/house as it cannot be found!
[16:47:07] [Server thread/INFO]: Adding waystone fwaystones:stone_brick_village_waystone to village ctov:village/underground/house
[16:47:07] [Server thread/ERROR]: Cannot add to ctov:village/underground/house as it cannot be found!
[16:47:07] [Server thread/INFO]: Adding waystone fwaystones:red_desert_village_waystone to village ctov:village/mesa/house
[16:47:07] [Server thread/ERROR]: Cannot add to ctov:village/mesa/house as it cannot be found!
[16:47:07] [Server thread/INFO]: Adding waystone fwaystones:village_waystone to village kaisyn:village/grove_villager_outpost/decor
[16:47:07] [Server thread/ERROR]: Cannot add to kaisyn:village/grove_villager_outpost/decor as it cannot be found!
[16:47:07] [Server thread/INFO]: Adding waystone fwaystones:mossy_stone_brick_village_waystone to village ctov:village/jungle/house
[16:47:07] [Server thread/ERROR]: Cannot add to ctov:village/jungle/house as it cannot be found!
[16:47:07] [Server thread/INFO]: Adding waystone fwaystones:village_waystone to village ctov:village/mountain/house
[16:47:07] [Server thread/ERROR]: Cannot add to ctov:village/mountain/house as it cannot be found!
[16:47:07] [Server thread/INFO]: Adding waystone fwaystones:village_waystone to village ctov:village/halloween/house
[16:47:07] [Server thread/ERROR]: Cannot add to ctov:village/halloween/house as it cannot be found!
[16:47:07] [Server thread/INFO]: Adding waystone fwaystones:village_waystone to village kaisyn:village/jungle_tribal/houses
[16:47:07] [Server thread/ERROR]: Cannot add to kaisyn:village/jungle_tribal/houses as it cannot be found!
[16:47:07] [Server thread/INFO]: Adding waystone fwaystones:village_waystone to village kaisyn:village/exclusives/iberian/houses
[16:47:07] [Server thread/ERROR]: Cannot add to kaisyn:village/exclusives/iberian/houses as it cannot be found!
[16:47:07] [Server thread/INFO]: Adding waystone fwaystones:village_waystone to village ctov:village/christmas/house
[16:47:07] [Server thread/ERROR]: Cannot add to ctov:village/christmas/house as it cannot be found!
[16:47:07] [Server thread/INFO]: Adding waystone fwaystones:village_waystone to village minecraft:village/snowy/houses
[16:47:07] [Server thread/INFO]: Adding waystone fwaystones:village_waystone to village ctov:village/plains/house
[16:47:07] [Server thread/ERROR]: Cannot add to ctov:village/plains/house as it cannot be found!
[16:47:07] [Server thread/INFO]: Adding waystone fwaystones:village_waystone to village ctov:village/swamp_fortified/house
[16:47:07] [Server thread/ERROR]: Cannot add to ctov:village/swamp_fortified/house as it cannot be found!
[16:47:07] [Server thread/INFO]: Adding waystone fwaystones:village_waystone to village ctov:village/plains_fortified/house
[16:47:07] [Server thread/ERROR]: Cannot add to ctov:village/plains_fortified/house as it cannot be found!
[16:47:07] [Server thread/INFO]: Adding waystone fwaystones:village_waystone to village ctov:village/taiga_fortified/house
[16:47:07] [Server thread/ERROR]: Cannot add to ctov:village/taiga_fortified/house as it cannot be found!
[16:47:07] [Server thread/INFO]: Adding waystone fwaystones:village_waystone to village kaisyn:village/exclusives/swedish/houses
[16:47:07] [Server thread/ERROR]: Cannot add to kaisyn:village/exclusives/swedish/houses as it cannot be found!
[16:47:07] [Server thread/INFO]: Adding waystone fwaystones:mossy_stone_brick_village_waystone to village ctov:village/jungle_tree/house
[16:47:07] [Server thread/ERROR]: Cannot add to ctov:village/jungle_tree/house as it cannot be found!
[16:47:07] [Server thread/INFO]: Starting minecraft server version 1.20.1
[16:47:07] [Server thread/INFO]: Loading properties
[16:47:07] [Server thread/INFO]: Default game type: SURVIVAL
[16:47:07] [Server thread/INFO]: Generating keypair
[16:47:07] [Server thread/INFO]: Starting Minecraft server on *:25565
[16:47:07] [Server thread/INFO]: Using epoll channel type
[16:47:08] [Server thread/INFO]: Preparing level "world"
[16:47:10] [Server thread/INFO]: Preparing start region for dimension minecraft:overworld
[16:47:15] [Worker-Main-7/INFO]: Preparing spawn area: 0%
[16:47:15] [Worker-Main-5/INFO]: Preparing spawn area: 0%
[16:47:15] [Worker-Main-3/INFO]: Preparing spawn area: 0%
[16:47:15] [Worker-Main-2/INFO]: Preparing spawn area: 0%
[16:47:15] [Worker-Main-2/INFO]: Preparing spawn area: 0%
[16:47:15] [Worker-Main-6/INFO]: Preparing spawn area: 0%
[16:47:15] [Worker-Main-3/INFO]: Preparing spawn area: 0%
[16:47:15] [Worker-Main-4/INFO]: Preparing spawn area: 0%
[16:47:15] [Worker-Main-4/INFO]: Preparing spawn area: 0%
[16:47:15] [Worker-Main-7/INFO]: Preparing spawn area: 0%
[16:47:15] [Worker-Main-2/INFO]: Preparing spawn area: 0%
[16:47:15] [Worker-Main-7/INFO]: Preparing spawn area: 0%
[16:47:16] [Worker-Main-2/INFO]: Preparing spawn area: 9%
[16:47:16] [Worker-Main-5/INFO]: Preparing spawn area: 50%
[16:47:17] [Server thread/INFO]: Time elapsed: 6977 ms
[16:47:17] [Server thread/INFO]: Done (9.294s)! For help, type "help"
